<?xml version="1.0" encoding="UTF-8"?>
<testsuite name="chap02.PwStrengthMeterTest" tests="1" skipped="0" failures="0" errors="0" timestamp="2024-12-22T15:16:22" hostname="LAPTOP-IOCK2UPC" time="0.035">
  <properties/>
  <testcase name="숫자 조건만 충족한 경우 WEAK 리턴" classname="chap02.PwStrengthMeterTest" time="0.035"/>
  <system-out><![CDATA[]]></system-out>
  <system-err><![CDATA[]]></system-err>
</testsuite>
